<?xml version="1.0" encoding="UTF-8"?>
<!-- Generated by org.testng.reporters.JUnitReportReporter -->
<testsuite hostname="SABIRLAP" failures="0" tests="1" name="cloud.NewTest" time="37.200" errors="0" timestamp="05 Jan 2024 05:34:45 GMT" skipped="0">
  <testcase classname="cloud.NewTest" name="demoFunction" time="37.200"/>
</testsuite> <!-- cloud.NewTest -->
